# JRE version: Java(TM) SE Runtime Environment (8.0_144-b01) (build 1.8.0_144-b01)
# Java VM: Java HotSpot(TM) 64-Bit Server VM (25.144-b01 mixed mode windows-amd64 compressed oops)
Heap:
 PSYoungGen      total 325120K, used 303520K [0x00000000e0000000, 0x00000000fe200000, 0x0000000100000000)
  eden space 228352K, 97% used [0x00000000e0000000,0x00000000ed972950,0x00000000edf00000)
  from space 96768K, 83% used [0x00000000edf00000,0x00000000f2df56c0,0x00000000f3d80000)
  to   space 106496K, 0% used [0x00000000f7a00000,0x00000000f7a00000,0x00000000fe200000)
 ParOldGen       total 330752K, used 167661K [0x00000000a0000000, 0x00000000b4300000, 0x00000000e0000000)
  object space 330752K, 50% used [0x00000000a0000000,0x00000000aa3bb730,0x00000000b4300000)
 Metaspace       used 86052K, capacity 89482K, committed 89904K, reserved 1126400K
  class space    used 11233K, capacity 11953K, committed 12080K, reserved 1048576K
GC Heap History (10 events):
Event: 95.982 GC heap before
{Heap before GC invocations=23 (full 3):
 PSYoungGen      total 232960K, used 230363K [0x00000000e0000000, 0x00000000f5b00000, 0x0000000100000000)
  eden space 168448K, 100% used [0x00000000e0000000,0x00000000ea480000,0x00000000ea480000)
  from space 64512K, 95% used [0x00000000ea480000,0x00000000ee0f6e98,0x00000000ee380000)
  to   space 74240K, 0% used [0x00000000f1280000,0x00000000f1280000,0x00000000f5b00000)
 ParOldGen       total 160768K, used 102871K [0x00000000a0000000, 0x00000000a9d00000, 0x00000000e0000000)
  object space 160768K, 63% used [0x00000000a0000000,0x00000000a6475dc8,0x00000000a9d00000)
 Metaspace       used 77847K, capacity 80836K, committed 81072K, reserved 1120256K
  class space    used 10264K, capacity 10904K, committed 10928K, reserved 1048576K
Event: 96.034 GC heap after
Heap after GC invocations=23 (full 3):
 PSYoungGen      total 270848K, used 67584K [0x00000000e0000000, 0x00000000f6a80000, 0x0000000100000000)
  eden space 196608K, 0% used [0x00000000e0000000,0x00000000e0000000,0x00000000ec000000)
  from space 74240K, 91% used [0x00000000f1280000,0x00000000f54800d8,0x00000000f5b00000)
  to   space 84480K, 0% used [0x00000000ec000000,0x00000000ec000000,0x00000000f1280000)
 ParOldGen       total 160768K, used 117891K [0x00000000a0000000, 0x00000000a9d00000, 0x00000000e0000000)
  object space 160768K, 73% used [0x00000000a0000000,0x00000000a7320f30,0x00000000a9d00000)
 Metaspace       used 77847K, capacity 80836K, committed 81072K, reserved 1120256K
  class space    used 10264K, capacity 10904K, committed 10928K, reserved 1048576K
}
Event: 99.364 GC heap before
{Heap before GC invocations=24 (full 3):
 PSYoungGen      total 270848K, used 264192K [0x00000000e0000000, 0x00000000f6a80000, 0x0000000100000000)
  eden space 196608K, 100% used [0x00000000e0000000,0x00000000ec000000,0x00000000ec000000)
  from space 74240K, 91% used [0x00000000f1280000,0x00000000f54800d8,0x00000000f5b00000)
  to   space 84480K, 0% used [0x00000000ec000000,0x00000000ec000000,0x00000000f1280000)
 ParOldGen       total 160768K, used 117891K [0x00000000a0000000, 0x00000000a9d00000, 0x00000000e0000000)
  object space 160768K, 73% used [0x00000000a0000000,0x00000000a7320f30,0x00000000a9d00000)
 Metaspace       used 79788K, capacity 83168K, committed 83248K, reserved 1122304K
  class space    used 10522K, capacity 11270K, committed 11312K, reserved 1048576K
Event: 99.413 GC heap after
Heap after GC invocations=24 (full 3):
 PSYoungGen      total 281088K, used 65804K [0x00000000e0000000, 0x00000000f9700000, 0x0000000100000000)
  eden space 196608K, 0% used [0x00000000e0000000,0x00000000e0000000,0x00000000ec000000)
  from space 84480K, 77% used [0x00000000ec000000,0x00000000f0043270,0x00000000f1280000)
  to   space 91648K, 0% used [0x00000000f3d80000,0x00000000f3d80000,0x00000000f9700000)
 ParOldGen       total 160768K, used 137660K [0x00000000a0000000, 0x00000000a9d00000, 0x00000000e0000000)
  object space 160768K, 85% used [0x00000000a0000000,0x00000000a866f108,0x00000000a9d00000)
 Metaspace       used 79788K, capacity 83168K, committed 83248K, reserved 1122304K
  class space    used 10522K, capacity 11270K, committed 11312K, reserved 1048576K
}
Event: 99.413 GC heap before
{Heap before GC invocations=25 (full 4):
 PSYoungGen      total 281088K, used 65804K [0x00000000e0000000, 0x00000000f9700000, 0x0000000100000000)
  eden space 196608K, 0% used [0x00000000e0000000,0x00000000e0000000,0x00000000ec000000)
  from space 84480K, 77% used [0x00000000ec000000,0x00000000f0043270,0x00000000f1280000)
  to   space 91648K, 0% used [0x00000000f3d80000,0x00000000f3d80000,0x00000000f9700000)
 ParOldGen       total 160768K, used 137660K [0x00000000a0000000, 0x00000000a9d00000, 0x00000000e0000000)
  object space 160768K, 85% used [0x00000000a0000000,0x00000000a866f108,0x00000000a9d00000)
 Metaspace       used 79788K, capacity 83168K, committed 83248K, reserved 1122304K
  class space    used 10522K, capacity 11270K, committed 11312K, reserved 1048576K
Event: 99.936 GC heap after
Heap after GC invocations=25 (full 4):
 PSYoungGen      total 281088K, used 25446K [0x00000000e0000000, 0x00000000f9700000, 0x0000000100000000)
  eden space 196608K, 0% used [0x00000000e0000000,0x00000000e0000000,0x00000000ec000000)
  from space 84480K, 30% used [0x00000000ec000000,0x00000000ed8d98f0,0x00000000f1280000)
  to   space 91648K, 0% used [0x00000000f3d80000,0x00000000f3d80000,0x00000000f9700000)
 ParOldGen       total 330752K, used 160753K [0x00000000a0000000, 0x00000000b4300000, 0x00000000e0000000)
  object space 330752K, 48% used [0x00000000a0000000,0x00000000a9cfc4f0,0x00000000b4300000)
 Metaspace       used 79788K, capacity 83168K, committed 83248K, reserved 1122304K
  class space    used 10522K, capacity 11270K, committed 11312K, reserved 1048576K
}
Event: 100.782 GC heap before
{Heap before GC invocations=26 (full 4):
 PSYoungGen      total 281088K, used 222054K [0x00000000e0000000, 0x00000000f9700000, 0x0000000100000000)
  eden space 196608K, 100% used [0x00000000e0000000,0x00000000ec000000,0x00000000ec000000)
  from space 84480K, 30% used [0x00000000ec000000,0x00000000ed8d98f0,0x00000000f1280000)
  to   space 91648K, 0% used [0x00000000f3d80000,0x00000000f3d80000,0x00000000f9700000)
 ParOldGen       total 330752K, used 160753K [0x00000000a0000000, 0x00000000b4300000, 0x00000000e0000000)
  object space 330752K, 48% used [0x00000000a0000000,0x00000000a9cfc4f0,0x00000000b4300000)
 Metaspace       used 81106K, capacity 84474K, committed 84656K, reserved 1122304K
  class space    used 10667K, capacity 11415K, committed 11440K, reserved 1048576K
Event: 100.831 GC heap after
Heap after GC invocations=26 (full 4):
 PSYoungGen      total 320000K, used 64815K [0x00000000e0000000, 0x00000000fa700000, 0x0000000100000000)
  eden space 228352K, 0% used [0x00000000e0000000,0x00000000e0000000,0x00000000edf00000)
  from space 91648K, 70% used [0x00000000f3d80000,0x00000000f7ccbc18,0x00000000f9700000)
  to   space 96768K, 0% used [0x00000000edf00000,0x00000000edf00000,0x00000000f3d80000)
 ParOldGen       total 330752K, used 160761K [0x00000000a0000000, 0x00000000b4300000, 0x00000000e0000000)
  object space 330752K, 48% used [0x00000000a0000000,0x00000000a9cfe4f0,0x00000000b4300000)
 Metaspace       used 81106K, capacity 84474K, committed 84656K, reserved 1122304K
  class space    used 10667K, capacity 11415K, committed 11440K, reserved 1048576K
}
Event: 101.825 GC heap before
{Heap before GC invocations=27 (full 4):
 PSYoungGen      total 320000K, used 293167K [0x00000000e0000000, 0x00000000fa700000, 0x0000000100000000)
  eden space 228352K, 100% used [0x00000000e0000000,0x00000000edf00000,0x00000000edf00000)
  from space 91648K, 70% used [0x00000000f3d80000,0x00000000f7ccbc18,0x00000000f9700000)
  to   space 96768K, 0% used [0x00000000edf00000,0x00000000edf00000,0x00000000f3d80000)
 ParOldGen       total 330752K, used 160761K [0x00000000a0000000, 0x00000000b4300000, 0x00000000e0000000)
  object space 330752K, 48% used [0x00000000a0000000,0x00000000a9cfe4f0,0x00000000b4300000)
 Metaspace       used 84645K, capacity 88016K, committed 88240K, reserved 1126400K
  class space    used 11137K, capacity 11878K, committed 11952K, reserved 1048576K
Event: 101.866 GC heap after
Heap after GC invocations=27 (full 4):
 PSYoungGen      total 325120K, used 80853K [0x00000000e0000000, 0x00000000fe200000, 0x0000000100000000)
  eden space 228352K, 0% used [0x00000000e0000000,0x00000000e0000000,0x00000000edf00000)
  from space 96768K, 83% used [0x00000000edf00000,0x00000000f2df56c0,0x00000000f3d80000)
  to   space 106496K, 0% used [0x00000000f7a00000,0x00000000f7a00000,0x00000000fe200000)
 ParOldGen       total 330752K, used 167661K [0x00000000a0000000, 0x00000000b4300000, 0x00000000e0000000)
  object space 330752K, 50% used [0x00000000a0000000,0x00000000aa3bb730,0x00000000b4300000)
 Metaspace       used 84645K, capacity 88016K, committed 88240K, reserved 1126400K
  class space    used 11137K, capacity 11878K, committed 11952K, reserved 1048576K
}

