# JRE version: OpenJDK Runtime Environment (8.0_152-b02) (build 1.8.0_152-release-1024-b02)
# Java VM: OpenJDK 64-Bit Server VM (25.152-b02 mixed mode windows-amd64 compressed oops)
Heap:
 PSYoungGen      total 394240K, used 298979K [0x00000000e0000000, 0x0000000100000000, 0x0000000100000000)
  eden space 299008K, 99% used [0x00000000e0000000,0x00000000f23f8d30,0x00000000f2400000)
  from space 95232K, 0% used [0x00000000f9f80000,0x00000000f9f80000,0x00000000ffc80000)
  to   space 112640K, 0% used [0x00000000f2400000,0x00000000f2400000,0x00000000f9200000)
 ParOldGen       total 1048576K, used 1048313K [0x00000000a0000000, 0x00000000e0000000, 0x00000000e0000000)
  object space 1048576K, 99% used [0x00000000a0000000,0x00000000dffbe7d0,0x00000000e0000000)
 Metaspace       used 166104K, capacity 176644K, committed 182104K, reserved 1208320K
  class space    used 20857K, capacity 22866K, committed 23680K, reserved 1048576K
GC Heap History (10 events):
Event: 7374.017 GC heap after
Heap after GC invocations=164 (full 127):
 PSYoungGen      total 394240K, used 169395K [0x00000000e0000000, 0x0000000100000000, 0x0000000100000000)
  eden space 299008K, 56% used [0x00000000e0000000,0x00000000ea56cdb0,0x00000000f2400000)
  from space 95232K, 0% used [0x00000000f9f80000,0x00000000f9f80000,0x00000000ffc80000)
  to   space 112640K, 0% used [0x00000000f2400000,0x00000000f2400000,0x00000000f9200000)
 ParOldGen       total 1048576K, used 1048421K [0x00000000a0000000, 0x00000000e0000000, 0x00000000e0000000)
  object space 1048576K, 99% used [0x00000000a0000000,0x00000000dffd9488,0x00000000e0000000)
 Metaspace       used 165582K, capacity 175970K, committed 182104K, reserved 1208320K
  class space    used 20799K, capacity 22783K, committed 23680K, reserved 1048576K
}
Event: 7374.543 GC heap before
{Heap before GC invocations=165 (full 128):
 PSYoungGen      total 394240K, used 299008K [0x00000000e0000000, 0x0000000100000000, 0x0000000100000000)
  eden space 299008K, 100% used [0x00000000e0000000,0x00000000f2400000,0x00000000f2400000)
  from space 95232K, 0% used [0x00000000f9f80000,0x00000000f9f80000,0x00000000ffc80000)
  to   space 112640K, 0% used [0x00000000f2400000,0x00000000f2400000,0x00000000f9200000)
 ParOldGen       total 1048576K, used 1048421K [0x00000000a0000000, 0x00000000e0000000, 0x00000000e0000000)
  object space 1048576K, 99% used [0x00000000a0000000,0x00000000dffd9488,0x00000000e0000000)
 Metaspace       used 165589K, capacity 175970K, committed 182104K, reserved 1208320K
  class space    used 20799K, capacity 22783K, committed 23680K, reserved 1048576K
Event: 7375.358 GC heap after
Heap after GC invocations=165 (full 128):
 PSYoungGen      total 394240K, used 186179K [0x00000000e0000000, 0x0000000100000000, 0x0000000100000000)
  eden space 299008K, 62% used [0x00000000e0000000,0x00000000eb5d0f30,0x00000000f2400000)
  from space 95232K, 0% used [0x00000000f9f80000,0x00000000f9f80000,0x00000000ffc80000)
  to   space 112640K, 0% used [0x00000000f2400000,0x00000000f2400000,0x00000000f9200000)
 ParOldGen       total 1048576K, used 1048421K [0x00000000a0000000, 0x00000000e0000000, 0x00000000e0000000)
  object space 1048576K, 99% used [0x00000000a0000000,0x00000000dffd9488,0x00000000e0000000)
 Metaspace       used 165589K, capacity 175970K, committed 182104K, reserved 1208320K
  class space    used 20799K, capacity 22783K, committed 23680K, reserved 1048576K
}
Event: 7377.333 GC heap before
{Heap before GC invocations=166 (full 129):
 PSYoungGen      total 394240K, used 299008K [0x00000000e0000000, 0x0000000100000000, 0x0000000100000000)
  eden space 299008K, 100% used [0x00000000e0000000,0x00000000f2400000,0x00000000f2400000)
  from space 95232K, 0% used [0x00000000f9f80000,0x00000000f9f80000,0x00000000ffc80000)
  to   space 112640K, 0% used [0x00000000f2400000,0x00000000f2400000,0x00000000f9200000)
 ParOldGen       total 1048576K, used 1048421K [0x00000000a0000000, 0x00000000e0000000, 0x00000000e0000000)
  object space 1048576K, 99% used [0x00000000a0000000,0x00000000dffd9488,0x00000000e0000000)
 Metaspace       used 165662K, capacity 176034K, committed 182104K, reserved 1208320K
  class space    used 20806K, capacity 22783K, committed 23680K, reserved 1048576K
Event: 7378.168 GC heap after
Heap after GC invocations=166 (full 129):
 PSYoungGen      total 394240K, used 204001K [0x00000000e0000000, 0x0000000100000000, 0x0000000100000000)
  eden space 299008K, 68% used [0x00000000e0000000,0x00000000ec738620,0x00000000f2400000)
  from space 95232K, 0% used [0x00000000f9f80000,0x00000000f9f80000,0x00000000ffc80000)
  to   space 112640K, 0% used [0x00000000f2400000,0x00000000f2400000,0x00000000f9200000)
 ParOldGen       total 1048576K, used 1048421K [0x00000000a0000000, 0x00000000e0000000, 0x00000000e0000000)
  object space 1048576K, 99% used [0x00000000a0000000,0x00000000dffd9488,0x00000000e0000000)
 Metaspace       used 165662K, capacity 176034K, committed 182104K, reserved 1208320K
  class space    used 20806K, capacity 22783K, committed 23680K, reserved 1048576K
}
Event: 7381.055 GC heap before
{Heap before GC invocations=167 (full 130):
 PSYoungGen      total 394240K, used 299008K [0x00000000e0000000, 0x0000000100000000, 0x0000000100000000)
  eden space 299008K, 100% used [0x00000000e0000000,0x00000000f2400000,0x00000000f2400000)
  from space 95232K, 0% used [0x00000000f9f80000,0x00000000f9f80000,0x00000000ffc80000)
  to   space 112640K, 0% used [0x00000000f2400000,0x00000000f2400000,0x00000000f9200000)
 ParOldGen       total 1048576K, used 1048421K [0x00000000a0000000, 0x00000000e0000000, 0x00000000e0000000)
  object space 1048576K, 99% used [0x00000000a0000000,0x00000000dffd9488,0x00000000e0000000)
 Metaspace       used 165665K, capacity 176034K, committed 182104K, reserved 1208320K
  class space    used 20806K, capacity 22783K, committed 23680K, reserved 1048576K
Event: 7381.836 GC heap after
Heap after GC invocations=167 (full 130):
 PSYoungGen      total 394240K, used 205302K [0x00000000e0000000, 0x0000000100000000, 0x0000000100000000)
  eden space 299008K, 68% used [0x00000000e0000000,0x00000000ec87d818,0x00000000f2400000)
  from space 95232K, 0% used [0x00000000f9f80000,0x00000000f9f80000,0x00000000ffc80000)
  to   space 112640K, 0% used [0x00000000f2400000,0x00000000f2400000,0x00000000f9200000)
 ParOldGen       total 1048576K, used 1048397K [0x00000000a0000000, 0x00000000e0000000, 0x00000000e0000000)
  object space 1048576K, 99% used [0x00000000a0000000,0x00000000dffd3600,0x00000000e0000000)
 Metaspace       used 165665K, capacity 176034K, committed 182104K, reserved 1208320K
  class space    used 20806K, capacity 22783K, committed 23680K, reserved 1048576K
}
Event: 7768.281 GC heap before
{Heap before GC invocations=168 (full 131):
 PSYoungGen      total 394240K, used 299008K [0x00000000e0000000, 0x0000000100000000, 0x0000000100000000)
  eden space 299008K, 100% used [0x00000000e0000000,0x00000000f2400000,0x00000000f2400000)
  from space 95232K, 0% used [0x00000000f9f80000,0x00000000f9f80000,0x00000000ffc80000)
  to   space 112640K, 0% used [0x00000000f2400000,0x00000000f2400000,0x00000000f9200000)
 ParOldGen       total 1048576K, used 1048397K [0x00000000a0000000, 0x00000000e0000000, 0x00000000e0000000)
  object space 1048576K, 99% used [0x00000000a0000000,0x00000000dffd3600,0x00000000e0000000)
 Metaspace       used 165770K, capacity 176164K, committed 182104K, reserved 1208320K
  class space    used 20812K, capacity 22790K, committed 23680K, reserved 1048576K
Event: 7768.921 GC heap after
Heap after GC invocations=168 (full 131):
 PSYoungGen      total 394240K, used 203773K [0x00000000e0000000, 0x0000000100000000, 0x0000000100000000)
  eden space 299008K, 68% used [0x00000000e0000000,0x00000000ec6ff458,0x00000000f2400000)
  from space 95232K, 0% used [0x00000000f9f80000,0x00000000f9f80000,0x00000000ffc80000)
  to   space 112640K, 0% used [0x00000000f2400000,0x00000000f2400000,0x00000000f9200000)
 ParOldGen       total 1048576K, used 1048313K [0x00000000a0000000, 0x00000000e0000000, 0x00000000e0000000)
  object space 1048576K, 99% used [0x00000000a0000000,0x00000000dffbe7d0,0x00000000e0000000)
 Metaspace       used 165770K, capacity 176164K, committed 182104K, reserved 1208320K
  class space    used 20812K, capacity 22790K, committed 23680K, reserved 1048576K
}
Event: 7770.719 GC heap before
{Heap before GC invocations=169 (full 132):
 PSYoungGen      total 394240K, used 298979K [0x00000000e0000000, 0x0000000100000000, 0x0000000100000000)
  eden space 299008K, 99% used [0x00000000e0000000,0x00000000f23f8d30,0x00000000f2400000)
  from space 95232K, 0% used [0x00000000f9f80000,0x00000000f9f80000,0x00000000ffc80000)
  to   space 112640K, 0% used [0x00000000f2400000,0x00000000f2400000,0x00000000f9200000)
 ParOldGen       total 1048576K, used 1048313K [0x00000000a0000000, 0x00000000e0000000, 0x00000000e0000000)
  object space 1048576K, 99% used [0x00000000a0000000,0x00000000dffbe7d0,0x00000000e0000000)
 Metaspace       used 166104K, capacity 176644K, committed 182104K, reserved 1208320K
  class space    used 20857K, capacity 22866K, committed 23680K, reserved 1048576K

